[2026-04-04T18:21:22.695204] Hazır ✦  Login → fatura sayfasına git → BAŞLAT'a bas
[2026-04-04T18:21:42.505685] ━ [1/11] NCZ2026000000092 | 11.03.2026 | STOPAJLI 🔴
[2026-04-04T18:21:46.310580]   ✓ inject   #kayitTarihi ← 11.03.2026
[2026-04-04T18:21:47.294598]   ✓ clipboard #belgeTarihi ← 11.03.2026
[2026-04-04T18:21:47.678643]   ✓ inject   #siraNo ← NCZ2026000000092
[2026-04-04T18:21:48.063362]   ✓ inject   #tcknVkn ← 5770332942
[2026-04-04T18:21:49.627044]   ✓ clipboard input.text-right.form-control ← 37500,00
[2026-04-04T18:21:49.627937] ✅ NCZ2026000000092 | 11.03.2026 | 37500,00 TL
[2026-04-04T18:23:11.948332] ━ [1/11] NCZ2026000000092 | 11.03.2026 | STOPAJLI 🔴
[2026-04-04T18:23:12.327319]   ✓ inject   #kayitTarihi ← 11.03.2026
[2026-04-04T18:23:12.688917]   ✓ inject   #belgeTarihi ← 11.03.2026
[2026-04-04T18:23:20.078414]   ✓ clipboard #siraNo ← NCZ2026000000092
[2026-04-04T18:23:20.461072]   ✓ inject   #tcknVkn ← 5770332942
[2026-04-04T18:23:25.610467]   ✓ clipboard input.text-right.form-control ← 37500,00
[2026-04-04T18:23:25.611148] ✅ NCZ2026000000092 | 11.03.2026 | 37500,00 TL
[2026-04-04T18:23:41.886490] ━ [2/11] NCZ2026000000093 | 18.03.2026 | STOPAJLI 🔴
[2026-04-04T18:23:42.257388]   ✓ inject   #kayitTarihi ← 18.03.2026
[2026-04-04T18:23:42.624607]   ✓ inject   #belgeTarihi ← 18.03.2026
[2026-04-04T18:23:42.985782]   ✓ inject   #siraNo ← NCZ2026000000093
[2026-04-04T18:23:43.357478]   ✓ inject   #tcknVkn ← 5770332942
[2026-04-04T18:23:44.907093]   ✓ clipboard input.text-right.form-control ← 3626,66
[2026-04-04T18:23:44.907598] ✅ NCZ2026000000093 | 18.03.2026 | 3626,66 TL
[2026-04-04T18:24:30.354498] ━ [3/11] NCZ2026000000094 | 25.03.2026 | STOPAJLI 🔴
[2026-04-04T18:24:30.715250]   ✓ inject   #kayitTarihi ← 25.03.2026
[2026-04-04T18:24:31.072976]   ✓ inject   #belgeTarihi ← 25.03.2026
[2026-04-04T18:24:31.444339]   ✓ inject   #siraNo ← NCZ2026000000094
[2026-04-04T18:24:31.816376]   ✓ inject   #tcknVkn ← 8890364862
[2026-04-04T18:24:33.374237]   ✓ clipboard input.text-right.form-control ← 1200,00
[2026-04-04T18:24:33.374616] ✅ NCZ2026000000094 | 25.03.2026 | 1200,00 TL
[2026-04-04T18:25:18.367337] ━ [4/11] NCZ2026000000095 | 25.03.2026 | NORMAL 🟢
[2026-04-04T18:25:18.740313]   ✓ inject   #kayitTarihi ← 25.03.2026
[2026-04-04T18:25:19.123416]   ✓ inject   #belgeTarihi ← 25.03.2026
[2026-04-04T18:25:19.490962]   ✓ inject   #siraNo ← NCZ2026000000095
[2026-04-04T18:25:19.891895]   ✓ inject   #tcknVkn ← 50923398784
[2026-04-04T18:25:21.442047]   ✓ clipboard input.text-right.form-control ← 37500,00
[2026-04-04T18:25:21.442793] ✅ NCZ2026000000095 | 25.03.2026 | 37500,00 TL
[2026-04-04T18:25:54.869384] ━ [5/11] NCZ2026000000097 | 25.03.2026 | NORMAL 🟢
[2026-04-04T18:25:55.250547]   ✓ inject   #kayitTarihi ← 25.03.2026
[2026-04-04T18:25:55.619767]   ✓ inject   #belgeTarihi ← 25.03.2026
[2026-04-04T18:25:55.981264]   ✓ inject   #siraNo ← NCZ2026000000097
[2026-04-04T18:25:56.367638]   ✓ inject   #tcknVkn ← 24496955958
[2026-04-04T18:25:57.936079]   ✓ clipboard input.text-right.form-control ← 2500,00
[2026-04-04T18:25:57.936632] ✅ NCZ2026000000097 | 25.03.2026 | 2500,00 TL
[2026-04-04T18:26:27.953958] ━ [6/11] NCZ2026000000099 | 25.03.2026 | NORMAL 🟢
[2026-04-04T18:26:28.326530]   ✓ inject   #kayitTarihi ← 25.03.2026
[2026-04-04T18:26:28.695332]   ✓ inject   #belgeTarihi ← 25.03.2026
[2026-04-04T18:26:29.056146]   ✓ inject   #siraNo ← NCZ2026000000099
[2026-04-04T18:26:29.411495]   ✓ inject   #tcknVkn ← 11800932330
[2026-04-04T18:26:30.979166]   ✓ clipboard input.text-right.form-control ← 6500,00
[2026-04-04T18:26:30.979800] ✅ NCZ2026000000099 | 25.03.2026 | 6500,00 TL
[2026-04-04T18:26:51.796235] ━ [7/11] NCZ2026000000100 | 25.03.2026 | NORMAL 🟢
[2026-04-04T18:26:52.191056]   ✓ inject   #kayitTarihi ← 25.03.2026
[2026-04-04T18:26:52.557776]   ✓ inject   #belgeTarihi ← 25.03.2026
[2026-04-04T18:26:52.920442]   ✓ inject   #siraNo ← NCZ2026000000100
[2026-04-04T18:26:53.275776]   ✓ inject   #tcknVkn ← 39637452098
[2026-04-04T18:26:54.826045]   ✓ clipboard input.text-right.form-control ← 5876,67
[2026-04-04T18:26:54.826553] ✅ NCZ2026000000100 | 25.03.2026 | 5876,67 TL
[2026-04-04T18:27:29.310389] ━ [8/11] NCZ2026000000101 | 25.03.2026 | NORMAL 🟢
[2026-04-04T18:27:29.700877]   ✓ inject   #kayitTarihi ← 25.03.2026
[2026-04-04T18:27:30.067600]   ✓ inject   #belgeTarihi ← 25.03.2026
[2026-04-04T18:27:30.417512]   ✓ inject   #siraNo ← NCZ2026000000101
[2026-04-04T18:27:30.784841]   ✓ inject   #tcknVkn ← 37681516940
[2026-04-04T18:27:32.334948]   ✓ clipboard input.text-right.form-control ← 8333,33
[2026-04-04T18:27:32.335570] ✅ NCZ2026000000101 | 25.03.2026 | 8333,33 TL
[2026-04-04T18:27:50.491441] ━ [9/11] NCZ2026000000102 | 25.03.2026 | NORMAL 🟢
[2026-04-04T18:27:50.864498]   ✓ inject   #kayitTarihi ← 25.03.2026
[2026-04-04T18:27:51.225036]   ✓ inject   #belgeTarihi ← 25.03.2026
[2026-04-04T18:27:51.576926]   ✓ inject   #siraNo ← NCZ2026000000102
[2026-04-04T18:27:51.931238]   ✓ inject   #tcknVkn ← 28943131056
[2026-04-04T18:27:53.448353]   ✓ clipboard input.text-right.form-control ← 5157,50
[2026-04-04T18:27:53.449219] ✅ NCZ2026000000102 | 25.03.2026 | 5157,50 TL
[2026-04-04T18:28:20.634459] ━ [10/11] NCZ2026000000103 | 25.03.2026 | NORMAL 🟢
[2026-04-04T18:28:21.009306]   ✓ inject   #kayitTarihi ← 25.03.2026
[2026-04-04T18:28:21.377194]   ✓ inject   #belgeTarihi ← 25.03.2026
[2026-04-04T18:28:21.739698]   ✓ inject   #siraNo ← NCZ2026000000103
[2026-04-04T18:28:22.115239]   ✓ inject   #tcknVkn ← 47575497378
[2026-04-04T18:28:23.674941]   ✓ clipboard input.text-right.form-control ← 29166,67
[2026-04-04T18:28:23.675553] ✅ NCZ2026000000103 | 25.03.2026 | 29166,67 TL
[2026-04-04T18:29:05.538616] ━ [11/11] NCZ2026000000104 | 25.03.2026 | NORMAL 🟢
[2026-04-04T18:29:05.900452]   ✓ inject   #kayitTarihi ← 25.03.2026
[2026-04-04T18:29:06.267752]   ✓ inject   #belgeTarihi ← 25.03.2026
[2026-04-04T18:29:06.644252]   ✓ inject   #siraNo ← NCZ2026000000104
[2026-04-04T18:29:07.015777]   ✓ inject   #tcknVkn ← 38305492510
[2026-04-04T18:29:08.584544]   ✓ clipboard input.text-right.form-control ← 16666,67
[2026-04-04T18:29:08.584959] ✅ NCZ2026000000104 | 25.03.2026 | 16666,67 TL
